{
  "stats": {
    "suites": 3,
    "tests": 12,
    "passes": 12,
    "pending": 0,
    "failures": 0,
    "start": "2022-11-23T11:58:37.182Z",
    "end": "2022-11-23T11:58:42.015Z",
    "duration": 4833,
    "testsRegistered": 12,
    "passPercent": 100,
    "pendingPercent": 0,
    "other": 0,
    "hasOther": false,
    "skipped": 0,
    "hasSkipped": false
  },
  "results": [
    {
      "uuid": "206f361c-ed41-4992-9147-f53485b86d92",
      "title": "",
      "fullFile": "",
      "file": "",
      "beforeHooks": [],
      "afterHooks": [],
      "tests": [],
      "suites": [
        {
          "uuid": "6cd34d9b-3fd5-443b-bfd5-e81d382d214c",
          "title": "verify analytics ",
          "fullFile": "D:\\unboxapi\\unboxapi1\\test\\Analytics.js",
          "file": "\\test\\Analytics.js",
          "beforeHooks": [],
          "afterHooks": [],
          "tests": [
            {
              "title": "getSystemThroughput",
              "fullTitle": "verify analytics  getSystemThroughput",
              "timedOut": false,
              "duration": 485,
              "state": "passed",
              "speed": "slow",
              "pass": true,
              "fail": false,
              "pending": false,
              "context": null,
              "code": "//const res=await axios.get(`${url}/cb/dashboard/v1/analytics/getSystemThroughput?startTime=1668994200000&endTime=1669080600000&type=with_refeed`,\n        \n        const res=await fetchtoken.get_method1(`/cb/dashboard/v1/analytics/getSystemThroughput?startTime=${start1}&endTime=${end1}&type=with_refeed`)\n        //console.log(\"throughput method\")\n        //console.log(res.data)\n        expect(res.status).eq(200)\n        expect(res.data.response[0].throughPut).to.exist;\n        expect(res.data.response[0].end).to.exist;",
              "err": {},
              "uuid": "c08f8c57-ca47-4923-81b9-bb46eef4f732",
              "parentUUID": "6cd34d9b-3fd5-443b-bfd5-e81d382d214c",
              "isHook": false,
              "skipped": false
            },
            {
              "title": "getSessionThroughPutbyHour",
              "fullTitle": "verify analytics  getSessionThroughPutbyHour",
              "timedOut": false,
              "duration": 164,
              "state": "passed",
              "speed": "slow",
              "pass": true,
              "fail": false,
              "pending": false,
              "context": null,
              "code": "const res=await fetchtoken.get_method1(`/cb/dashboard/v1/analytics/getSessionThroughPutByHour?startTime=${start1}&endTime=${end1}`)\n        const r1=JSON.stringify(res.data);\n        expect(await res.status).eq(200)\n        expect(res.data.data[0].data).to.exist;\n        expect(r1).to.contains(\"time\")",
              "err": {},
              "uuid": "0953d983-e22e-44f1-bf42-95b1d14a1288",
              "parentUUID": "6cd34d9b-3fd5-443b-bfd5-e81d382d214c",
              "isHook": false,
              "skipped": false
            },
            {
              "title": "sessionThroughPutTimes",
              "fullTitle": "verify analytics  sessionThroughPutTimes",
              "timedOut": false,
              "duration": 158,
              "state": "passed",
              "speed": "slow",
              "pass": true,
              "fail": false,
              "pending": false,
              "context": null,
              "code": "const res=await fetchtoken.get_method1(`/cb/dashboard/v1/analytics/sessionThroughPutTimes?startTime=${start1}&endTime=${end1}&typeOfTime=day`)\n        //console.log(await res)\n        expect(res.status).eq(200)\n        expect(res.data.data.tb[0].data).to.exist;\n        expect(res.data.data.tb[0].time).to.exist;",
              "err": {},
              "uuid": "8bf3e97d-5643-411c-978e-68062cae2e39",
              "parentUUID": "6cd34d9b-3fd5-443b-bfd5-e81d382d214c",
              "isHook": false,
              "skipped": false
            },
            {
              "title": "getRobotByTime",
              "fullTitle": "verify analytics  getRobotByTime",
              "timedOut": false,
              "duration": 165,
              "state": "passed",
              "speed": "slow",
              "pass": true,
              "fail": false,
              "pending": false,
              "context": null,
              "code": "const res=await fetchtoken.get_method1(`/cb/dashboard/v1/analytics/sessionThroughPutTimes?startTime=${start1}&endTime=${end1}&typeOfTime=day`)\n       // console.log(await res)\n       const r1=JSON.stringify(res.data);\nexpect(res.status).eq(200)\nexpect(r1).to.contains(\"data\")\nexpect(r1).to.contains(\"time\")",
              "err": {},
              "uuid": "ed89d01a-3335-4f45-bb20-c945b6e0cf95",
              "parentUUID": "6cd34d9b-3fd5-443b-bfd5-e81d382d214c",
              "isHook": false,
              "skipped": false
            },
            {
              "title": "ErrorWise Count",
              "fullTitle": "verify analytics  ErrorWise Count",
              "timedOut": false,
              "duration": 433,
              "state": "passed",
              "speed": "slow",
              "pass": true,
              "fail": false,
              "pending": false,
              "context": null,
              "code": "const res=await fetchtoken.get_method1(`/cb/dashboard/v1/analytics/getRobotByTime?startTime=${start1}&endTime=${end1}&typeOfTime=day`)\n       console.log(await res)\n       const r1=JSON.stringify(res.data);\n        expect(res.status).eq(201)\n        expect(r1).to.contains(\"data\")\n        expect(r1).to.contains(\"time\")",
              "err": {},
              "uuid": "b68c8749-a5e7-4375-8e60-0f5b925ef828",
              "parentUUID": "6cd34d9b-3fd5-443b-bfd5-e81d382d214c",
              "isHook": false,
              "skipped": false
            },
            {
              "title": "totalErrorCountVsTime",
              "fullTitle": "verify analytics  totalErrorCountVsTime",
              "timedOut": false,
              "duration": 183,
              "state": "passed",
              "speed": "slow",
              "pass": true,
              "fail": false,
              "pending": false,
              "context": null,
              "code": "const res=await fetchtoken.get_method1(`/cb/dashboard/v1/analytics/totalErrorCountVsTime?startTime=${start1}&endTime=${end1}&typeOfTime=day`)\n        //console.log(await res.data)\n        expect(res.status).eq(200)\n        expect(res.data.data[0].data).to.exist;\n        expect(res.data.data[0].time).to.exist;",
              "err": {},
              "uuid": "223cf186-fa87-48a4-ab1d-fc4021446308",
              "parentUUID": "6cd34d9b-3fd5-443b-bfd5-e81d382d214c",
              "isHook": false,
              "skipped": false
            }
          ],
          "suites": [],
          "passes": [
            "c08f8c57-ca47-4923-81b9-bb46eef4f732",
            "0953d983-e22e-44f1-bf42-95b1d14a1288",
            "8bf3e97d-5643-411c-978e-68062cae2e39",
            "ed89d01a-3335-4f45-bb20-c945b6e0cf95",
            "b68c8749-a5e7-4375-8e60-0f5b925ef828",
            "223cf186-fa87-48a4-ab1d-fc4021446308"
          ],
          "failures": [],
          "pending": [],
          "skipped": [],
          "duration": 1588,
          "root": false,
          "rootEmpty": false,
          "_timeout": 30000
        },
        {
          "uuid": "40a295d4-ea27-4b6a-9d95-9e87ed40be4b",
          "title": "Login api ",
          "fullFile": "D:\\unboxapi\\unboxapi1\\test\\Loginapi.js",
          "file": "\\test\\Loginapi.js",
          "beforeHooks": [],
          "afterHooks": [],
          "tests": [
            {
              "title": "validate login with username and password ",
              "fullTitle": "Login api  validate login with username and password ",
              "timedOut": false,
              "duration": 144,
              "state": "passed",
              "speed": "slow",
              "pass": true,
              "fail": false,
              "pending": false,
              "context": null,
              "code": "const payload={\"username\":\"ubr_test\",\"password\":\"ubr_test@123\"};\n  const res=await axios.post(loginurl,payload)\n  //console.log(await res.data.data.token)\n  expect(await res.status).eql(200)",
              "err": {},
              "uuid": "8ea69d35-560a-4814-835b-febfb8cdb54e",
              "parentUUID": "40a295d4-ea27-4b6a-9d95-9e87ed40be4b",
              "isHook": false,
              "skipped": false
            }
          ],
          "suites": [],
          "passes": [
            "8ea69d35-560a-4814-835b-febfb8cdb54e"
          ],
          "failures": [],
          "pending": [],
          "skipped": [],
          "duration": 144,
          "root": false,
          "rootEmpty": false,
          "_timeout": 30000
        },
        {
          "uuid": "e030b33c-90b9-417f-9316-60459d61a03f",
          "title": "vaerify parcelscanner ",
          "fullFile": "D:\\unboxapi\\unboxapi1\\test\\parcelscanner.js",
          "file": "\\test\\parcelscanner.js",
          "beforeHooks": [],
          "afterHooks": [],
          "tests": [
            {
              "title": "Hour",
              "fullTitle": "vaerify parcelscanner  Hour",
              "timedOut": false,
              "duration": 732,
              "state": "passed",
              "speed": "slow",
              "pass": true,
              "fail": false,
              "pending": false,
              "context": null,
              "code": "const res=await fetchtoken.get_method1(`/cb/dashboard/v1/analytics/getParcelSystemByTime?startTime=${start1}&endTime=${end1}&typeOfTime=${typeOfTime}&dataType=${dataType}&operationType=${operationType}`)\n  const r1=JSON.stringify(res.data);\n  //console.log(res)\n  expect(res.status).eq(201)",
              "err": {},
              "uuid": "5115c68e-2a74-48e1-85d0-c799ffe0f71c",
              "parentUUID": "e030b33c-90b9-417f-9316-60459d61a03f",
              "isHook": false,
              "skipped": false
            },
            {
              "title": "day",
              "fullTitle": "vaerify parcelscanner  day",
              "timedOut": false,
              "duration": 694,
              "state": "passed",
              "speed": "slow",
              "pass": true,
              "fail": false,
              "pending": false,
              "context": null,
              "code": "const res=await fetchtoken.get_method1(`/cb/dashboard/v1/analytics/getParcelSystemByTime?startTime=${start1}&endTime=${end1}&typeOfTime=day&dataType=${dataType}&operationType=${operationType}`)\nconsole.log(res)\nexpect(res.status).eq(201)",
              "err": {},
              "uuid": "80608fea-e470-45b3-bca6-0feb4a06b2cf",
              "parentUUID": "e030b33c-90b9-417f-9316-60459d61a03f",
              "isHook": false,
              "skipped": false
            },
            {
              "title": "acceptedparcelreport",
              "fullTitle": "vaerify parcelscanner  acceptedparcelreport",
              "timedOut": false,
              "duration": 866,
              "state": "passed",
              "speed": "slow",
              "pass": true,
              "fail": false,
              "pending": false,
              "context": null,
              "code": "const res=await fetchtoken.get_method1(`/cb/dashboard/v1/reports/shipment-details?scanStatus=accepted&parcelStatus=sorted&dataPushStatus=all&type=view&lowTime=${start1}&upTime=${end1}`)\nconsole.log(res)\nexpect(res.status).eq(200)",
              "err": {},
              "uuid": "745abbe8-786b-46af-93d4-292f9526c099",
              "parentUUID": "e030b33c-90b9-417f-9316-60459d61a03f",
              "isHook": false,
              "skipped": false
            },
            {
              "title": "rejectedParcelReport",
              "fullTitle": "vaerify parcelscanner  rejectedParcelReport",
              "timedOut": false,
              "duration": 626,
              "state": "passed",
              "speed": "slow",
              "pass": true,
              "fail": false,
              "pending": false,
              "context": null,
              "code": "const res=await fetchtoken.get_method1(`/cb/dashboard/v1/reports/shipment-details?scanStatus=rejected&parcelStatus=all&dataPushStatus=all&type=view&lowTime=${start1}&upTime=${end1}`)\nconsole.log(res)\nexpect(res.status).eq(200)",
              "err": {},
              "uuid": "ee5d96ca-cb08-492e-b1ef-b6caab6d4df7",
              "parentUUID": "e030b33c-90b9-417f-9316-60459d61a03f",
              "isHook": false,
              "skipped": false
            },
            {
              "title": "refeedparcelreport",
              "fullTitle": "vaerify parcelscanner  refeedparcelreport",
              "timedOut": false,
              "duration": 140,
              "state": "passed",
              "speed": "slow",
              "pass": true,
              "fail": false,
              "pending": false,
              "context": null,
              "code": "const res=await fetchtoken.get_method1(`/cb/dashboard/v1/reports/shipment-details?scanStatus=accepted&parcelStatus=refeed&dataPushStatus=all&type=view&lowTime={{start1}}&upTime={{end1}}`)\nconsole.log(res)\nexpect(res.status).eq(200)",
              "err": {},
              "uuid": "e1da38e0-0ec7-436d-b894-0625b2b3eb34",
              "parentUUID": "e030b33c-90b9-417f-9316-60459d61a03f",
              "isHook": false,
              "skipped": false
            }
          ],
          "suites": [],
          "passes": [
            "5115c68e-2a74-48e1-85d0-c799ffe0f71c",
            "80608fea-e470-45b3-bca6-0feb4a06b2cf",
            "745abbe8-786b-46af-93d4-292f9526c099",
            "ee5d96ca-cb08-492e-b1ef-b6caab6d4df7",
            "e1da38e0-0ec7-436d-b894-0625b2b3eb34"
          ],
          "failures": [],
          "pending": [],
          "skipped": [],
          "duration": 3058,
          "root": false,
          "rootEmpty": false,
          "_timeout": 30000
        }
      ],
      "passes": [],
      "failures": [],
      "pending": [],
      "skipped": [],
      "duration": 0,
      "root": true,
      "rootEmpty": true,
      "_timeout": 30000
    }
  ],
  "meta": {
    "mocha": {
      "version": "10.1.0"
    },
    "mochawesome": {
      "options": {
        "quiet": false,
        "reportFilename": "mochawesome",
        "saveHtml": true,
        "saveJson": true,
        "consoleReporter": "spec",
        "useInlineDiffs": false,
        "code": true
      },
      "version": "7.1.3"
    },
    "marge": {
      "options": null,
      "version": "6.2.0"
    }
  }
}